<?xml version="1.0" encoding="UTF-8" ?>
<testsuite tests="2" failures="0" name="Tests" time="0.006" errors="0" skipped="0">
  <properties>
    <property name="idea.version" value="2017.2.5"/>
    <property name="java.runtime.name" value="Java(TM) SE Runtime Environment"/>
    <property name="sun.boot.library.path" value="c:\project\bin\jdk_1.8.0\jre\bin"/>
    <property name="java.vm.version" value="25.60-b23"/>
    <property name="user.country.format" value="CZ"/>
    <property name="java.vm.vendor" value="Oracle Corporation"/>
    <property name="maven.multiModuleProjectDirectory" value="C:\stana\other\ysoft\ysoft"/>
    <property name="java.vendor.url" value="http://java.oracle.com/"/>
    <property name="path.separator" value=";"/>
    <property name="guice.disable.misplaced.annotation.check" value="true"/>
    <property name="java.vm.name" value="Java HotSpot(TM) 64-Bit Server VM"/>
    <property name="file.encoding.pkg" value="sun.io"/>
    <property name="user.script" value=""/>
    <property name="user.country" value="US"/>
    <property name="sun.java.launcher" value="SUN_STANDARD"/>
    <property name="sun.os.patch.level" value=""/>
    <property name="java.vm.specification.name" value="Java Virtual Machine Specification"/>
    <property name="user.dir" value="C:\stana\other\ysoft\ysoft"/>
    <property name="java.runtime.version" value="1.8.0_60-b27"/>
    <property name="java.awt.graphicsenv" value="sun.awt.Win32GraphicsEnvironment"/>
    <property name="java.endorsed.dirs" value="c:\project\bin\jdk_1.8.0\jre\lib\endorsed"/>
    <property name="os.arch" value="amd64"/>
    <property name="java.io.tmpdir" value="C:\Users\kresista\AppData\Local\Temp\"/>
    <property name="line.separator" value="
"/>
    <property name="java.vm.specification.vendor" value="Oracle Corporation"/>
    <property name="user.variant" value=""/>
    <property name="os.name" value="Windows 10"/>
    <property name="classworlds.conf" value="C:\stana\prace\apps\apache-maven-3.5.0\bin\m2.conf"/>
    <property name="sun.jnu.encoding" value="Cp1252"/>
    <property name="java.library.path" value="c:\project\bin\jdk_1.8.0\bin;C:\WINDOWS\Sun\Java\bin;C:\WINDOWS\system32;C:\WINDOWS;C:\ProgramData\Oracle\Java\javapath;C:\WINDOWS\system32;C:\WINDOWS;C:\WINDOWS\System32\Wbem;C:\WINDOWS\System32\WindowsPowerShell\v1.0\;C:\Program Files (x86)\Google\Hangouts Plugin for Microsoft Outlook\;C:\stana\prace\apps\TortoiseHg\;C:\stana\prace\apps\TortoiseSVN\bin;C:\Program Files\Amazon\AWSCLI\;C:\stana\prace\apps\Git\cmd;C:\stana\prace\apps\Git\mingw64\bin;C:\stana\prace\apps\Git\usr\bin;C:\stana\prace\apps\Liquid Studio 2017\XmlDataBinder15\Redist15\cpp\win32\bin;C:\stana\prace\apps\Liquid Studio 2017\XmlDataBinder15\Redist15\cpp\win64\bin;C:\stana\prace\apps\TortoiseGit\bin;c:\project\bin\ant\bin\;c:\project\bin\maven2\bin\;c:\project\bin\svn;c:\project\bin\jdk_1.8.0\bin;c:\Program Files (x86)\GnuWin32\bin;."/>
    <property name="maven.conf" value="C:\stana\prace\apps\apache-maven-3.5.0/conf"/>
    <property name="java.specification.name" value="Java Platform API Specification"/>
    <property name="java.class.version" value="52.0"/>
    <property name="sun.management.compiler" value="HotSpot 64-Bit Tiered Compilers"/>
    <property name="maven.repo.local" value="C:\Users\kresista\.m2\repository"/>
    <property name="os.version" value="10.0"/>
    <property name="library.jansi.path" value="C:\stana\prace\apps\apache-maven-3.5.0\lib\jansi-native\windows64"/>
    <property name="user.home" value="C:\Users\kresista"/>
    <property name="user.timezone" value="Europe/Prague"/>
    <property name="java.awt.printerjob" value="sun.awt.windows.WPrinterJob"/>
    <property name="java.specification.version" value="1.8"/>
    <property name="file.encoding" value="UTF-8"/>
    <property name="user.name" value="kresista"/>
    <property name="java.class.path" value="C:\stana\prace\apps\apache-maven-3.5.0\boot\plexus-classworlds-2.5.2.jar;C:\stana\prace\apps\IntelliJ IDEA 2017.2.5-non\lib\idea_rt.jar"/>
    <property name="java.vm.specification.version" value="1.8"/>
    <property name="sun.arch.data.model" value="64"/>
    <property name="java.home" value="c:\project\bin\jdk_1.8.0\jre"/>
    <property name="sun.java.command" value="org.codehaus.classworlds.Launcher -Didea.version=2017.2.5 -s C:\stana\prace\apps\apache-maven-3.5.0\conf\settings.xml -Dmaven.repo.local=C:\Users\kresista\.m2\repository install"/>
    <property name="java.specification.vendor" value="Oracle Corporation"/>
    <property name="user.language" value="en"/>
    <property name="user.language.format" value="cs"/>
    <property name="awt.toolkit" value="sun.awt.windows.WToolkit"/>
    <property name="java.vm.info" value="mixed mode"/>
    <property name="java.version" value="1.8.0_60"/>
    <property name="java.ext.dirs" value="c:\project\bin\jdk_1.8.0\jre\lib\ext;C:\WINDOWS\Sun\Java\lib\ext"/>
    <property name="sun.boot.class.path" value="c:\project\bin\jdk_1.8.0\jre\lib\resources.jar;c:\project\bin\jdk_1.8.0\jre\lib\rt.jar;c:\project\bin\jdk_1.8.0\jre\lib\sunrsasign.jar;c:\project\bin\jdk_1.8.0\jre\lib\jsse.jar;c:\project\bin\jdk_1.8.0\jre\lib\jce.jar;c:\project\bin\jdk_1.8.0\jre\lib\charsets.jar;c:\project\bin\jdk_1.8.0\jre\lib\jfr.jar;c:\project\bin\jdk_1.8.0\jre\classes"/>
    <property name="java.vendor" value="Oracle Corporation"/>
    <property name="maven.home" value="C:\stana\prace\apps\apache-maven-3.5.0"/>
    <property name="file.separator" value="\"/>
    <property name="java.vendor.url.bug" value="http://bugreport.sun.com/bugreport/"/>
    <property name="sun.cpu.endian" value="little"/>
    <property name="sun.io.unicode.encoding" value="UnicodeLittle"/>
    <property name="sun.desktop" value="windows"/>
    <property name="sun.cpu.isalist" value="amd64"/>
  </properties>
  <testcase classname="Tests" name="testMorseCryptorImpl" time="0.005"/>
  <testcase classname="Tests" name="testWebControllerInit" time="0.001"/>
</testsuite>